<?xml version="1.0" encoding="UTF-8"?>
<!-- Generated by org.testng.reporters.JUnitReportReporter -->
<testsuite hostname="DESKTOP-F6N15AA" failures="0" tests="2" name="test.MainTest" time="51.900" errors="0" timestamp="2025-02-27T13:10:54 IST" skipped="0">
  <testcase classname="test.MainTest" name="try_purchase" time="29.436"/>
  <testcase classname="test.MainTest" name="cart_optons" time="22.464"/>
</testsuite> <!-- test.MainTest -->
